{
  "RSpec": {
    "coverage": {
      "/home/bea/makers/course/week10/gilded-rose-ruby/spec/feature/gilded_rose_spec.rb": {
        "lines": [
          1,
          null,
          1,
          1,
          1,
          null,
          1,
          null,
          1,
          1,
          1,
          null,
          null,
          1,
          null,
          1,
          null,
          null,
          null,
          null,
          null,
          null,
          null,
          null,
          null,
          null,
          null,
          1,
          null,
          null,
          null,
          null,
          null,
          null,
          null,
          null,
          null,
          null,
          1,
          null,
          1,
          null,
          null
        ]
      },
      "/home/bea/makers/course/week10/gilded-rose-ruby/lib/gilded_rose.rb": {
        "lines": [
          1,
          1,
          1,
          null,
          1,
          1,
          7,
          null,
          7,
          15,
          null,
          null,
          null,
          null,
          null,
          null,
          1,
          210,
          null,
          null
        ]
      },
      "/home/bea/makers/course/week10/gilded-rose-ruby/lib/categorizable.rb": {
        "lines": [
          1,
          1,
          null,
          19,
          null,
          null,
          null,
          null,
          null,
          null,
          null,
          19,
          null,
          null
        ]
      },
      "/home/bea/makers/course/week10/gilded-rose-ruby/lib/item.rb": {
        "lines": [
          null,
          null,
          1,
          1,
          null,
          1,
          19,
          19,
          19,
          null,
          null,
          1,
          10,
          null,
          null
        ]
      },
      "/home/bea/makers/course/week10/gilded-rose-ruby/lib/updateable.rb": {
        "lines": [
          1,
          1,
          1,
          1,
          1,
          1,
          1,
          1,
          1,
          null,
          1,
          136,
          20,
          58,
          35,
          19,
          null,
          null,
          136,
          null,
          null,
          1,
          58,
          null,
          null,
          1,
          58,
          null,
          null,
          1,
          57,
          null,
          null,
          1,
          35,
          14,
          8,
          11,
          2,
          null,
          null,
          null,
          1,
          132,
          null,
          null,
          null,
          null,
          null,
          null,
          1,
          91,
          91,
          null,
          null,
          1,
          58,
          58,
          null,
          null
        ]
      },
      "/home/bea/makers/course/week10/gilded-rose-ruby/spec/feature/updating_aged_brie_spec.rb": {
        "lines": [
          1,
          1,
          1,
          null,
          1,
          1,
          1,
          1,
          null,
          null,
          1,
          1,
          null,
          null,
          null,
          1,
          1,
          1,
          null,
          1,
          null,
          null,
          1,
          1,
          null,
          null,
          null,
          1,
          1,
          51,
          null,
          1,
          null,
          null,
          null
        ]
      },
      "/home/bea/makers/course/week10/gilded-rose-ruby/spec/feature/updating_backstage_pass_spec.rb": {
        "lines": [
          1,
          1,
          1,
          null,
          1,
          1,
          1,
          1,
          null,
          null,
          1,
          1,
          null,
          null,
          1,
          11,
          1,
          null,
          null,
          null,
          1,
          1,
          1,
          1,
          null,
          null,
          1,
          5,
          1,
          null,
          null,
          null,
          1,
          1,
          1,
          1,
          null,
          null,
          1,
          5,
          1,
          null,
          null,
          null,
          1,
          1,
          1,
          null,
          1,
          null,
          null,
          null
        ]
      },
      "/home/bea/makers/course/week10/gilded-rose-ruby/spec/feature/updating_conjured_mana_cake_spec.rb": {
        "lines": [
          1,
          1,
          1,
          null,
          1,
          1,
          1,
          1,
          null,
          null,
          1,
          1,
          null,
          null,
          null,
          1,
          1,
          1,
          1,
          null,
          null,
          1,
          1,
          null,
          null,
          null,
          1,
          1,
          11,
          null,
          1,
          null,
          null,
          null
        ]
      },
      "/home/bea/makers/course/week10/gilded-rose-ruby/spec/feature/updating_dexterity_vest_spec.rb": {
        "lines": [
          1,
          1,
          1,
          null,
          1,
          1,
          1,
          1,
          null,
          null,
          1,
          1,
          null,
          null,
          null,
          1,
          1,
          1,
          1,
          null,
          null,
          1,
          1,
          null,
          null,
          null,
          1,
          1,
          11,
          null,
          1,
          null,
          null,
          null
        ]
      },
      "/home/bea/makers/course/week10/gilded-rose-ruby/spec/feature/updating_sulfuras_spec.rb": {
        "lines": [
          1,
          1,
          1,
          null,
          1,
          1,
          1,
          null,
          null,
          1,
          1,
          null,
          null
        ]
      },
      "/home/bea/makers/course/week10/gilded-rose-ruby/spec/unit/categorizable_spec.rb": {
        "lines": [
          1,
          null,
          1,
          1,
          9,
          null,
          1,
          1,
          1,
          null,
          1,
          null,
          null,
          1,
          1,
          null,
          null,
          1,
          null,
          null,
          1,
          1,
          null,
          1,
          null,
          null,
          1,
          1,
          null,
          null,
          null,
          1,
          null,
          null,
          null,
          null
        ]
      },
      "/home/bea/makers/course/week10/gilded-rose-ruby/spec/unit/item_spec.rb": {
        "lines": [
          1,
          null,
          1,
          5,
          2,
          2,
          2,
          null,
          1,
          1,
          1,
          null,
          null,
          null
        ]
      },
      "/home/bea/makers/course/week10/gilded-rose-ruby/spec/unit/updateable_spec.rb": {
        "lines": [
          1,
          null,
          1,
          1,
          null,
          null,
          1,
          20,
          null,
          1,
          1,
          1,
          1,
          4,
          4,
          null,
          null,
          1,
          1,
          1,
          1,
          null,
          null,
          1,
          1,
          1,
          1,
          null,
          null,
          1,
          1,
          1,
          1,
          null,
          null,
          1,
          1,
          1,
          1,
          null,
          null,
          null,
          1,
          1,
          2,
          2,
          null,
          null,
          1,
          1,
          4,
          null,
          1,
          null,
          null,
          1,
          1,
          4,
          null,
          1,
          null,
          null,
          null,
          1,
          1,
          2,
          2,
          null,
          null,
          1,
          1,
          3,
          null,
          1,
          null,
          null,
          1,
          1,
          3,
          null,
          1,
          null,
          null,
          null,
          1,
          3,
          null,
          1,
          1,
          1,
          null,
          1,
          1,
          null,
          null,
          1,
          1,
          1,
          null,
          1,
          1,
          null,
          null,
          null,
          1,
          3,
          null,
          1,
          1,
          1,
          null,
          1,
          1,
          null,
          null,
          1,
          1,
          1,
          null,
          1,
          1,
          null,
          null,
          null,
          1,
          3,
          null,
          1,
          1,
          1,
          null,
          1,
          1,
          null,
          null,
          1,
          1,
          1,
          null,
          1,
          1,
          null,
          null,
          null,
          1,
          1,
          1,
          1,
          1,
          null,
          1,
          1,
          1,
          null,
          null,
          null,
          1,
          1,
          4,
          4,
          null,
          null,
          1,
          1,
          1,
          1,
          null,
          null,
          1,
          1,
          1,
          1,
          null,
          1,
          1,
          1,
          null,
          null,
          1,
          1,
          1,
          1,
          null,
          1,
          1,
          1,
          null,
          null,
          1,
          1,
          1,
          1,
          null,
          null,
          null,
          null,
          null
        ]
      }
    },
    "timestamp": 1633017907
  }
}
